2023-05-01 9:36:06 - PHP Warning:  fopen(D:/os/OSPanel/domains/roof/system/storage/cache/cache.article.total.1.0.1.9ad218453f833c1f2c56dc4a018ae03d.1682937366): failed to open stream: No such file or directory in D:\os\OSPanel\domains\roof\system\library\cache\file.php on line 28
2023-05-01 9:36:06 - PHP Warning:  flock() expects parameter 1 to be resource, bool given in D:\os\OSPanel\domains\roof\system\library\cache\file.php on line 30
2023-05-01 9:36:06 - PHP Warning:  fread() expects parameter 1 to be resource, bool given in D:\os\OSPanel\domains\roof\system\library\cache\file.php on line 35
2023-05-01 9:36:06 - PHP Warning:  flock() expects parameter 1 to be resource, bool given in D:\os\OSPanel\domains\roof\system\library\cache\file.php on line 40
2023-05-01 9:36:06 - PHP Warning:  fclose() expects parameter 1 to be resource, bool given in D:\os\OSPanel\domains\roof\system\library\cache\file.php on line 42
2023-05-01 11:22:25 - PHP Warning:  fopen(D:/os/OSPanel/domains/roof/system/storage/cache/cache.article.total.1.0.1.fe25175129461e57e31dedaf0534c733.1682943745): failed to open stream: Permission denied in D:\os\OSPanel\domains\roof\system\library\cache\file.php on line 55
2023-05-01 11:22:25 - PHP Warning:  flock() expects parameter 1 to be resource, bool given in D:\os\OSPanel\domains\roof\system\library\cache\file.php on line 57
2023-05-01 11:22:25 - PHP Warning:  fwrite() expects parameter 1 to be resource, bool given in D:\os\OSPanel\domains\roof\system\library\cache\file.php on line 59
2023-05-01 11:22:25 - PHP Warning:  fflush() expects parameter 1 to be resource, bool given in D:\os\OSPanel\domains\roof\system\library\cache\file.php on line 61
2023-05-01 11:22:25 - PHP Warning:  flock() expects parameter 1 to be resource, bool given in D:\os\OSPanel\domains\roof\system\library\cache\file.php on line 63
2023-05-01 11:22:25 - PHP Warning:  fclose() expects parameter 1 to be resource, bool given in D:\os\OSPanel\domains\roof\system\library\cache\file.php on line 65
2023-05-01 11:22:25 - PHP Warning:  fopen(D:/os/OSPanel/domains/roof/system/storage/cache/cache.article.total.1.0.1.9ad218453f833c1f2c56dc4a018ae03d.1682943745): failed to open stream: Permission denied in D:\os\OSPanel\domains\roof\system\library\cache\file.php on line 55
2023-05-01 11:22:25 - PHP Warning:  flock() expects parameter 1 to be resource, bool given in D:\os\OSPanel\domains\roof\system\library\cache\file.php on line 57
2023-05-01 11:22:25 - PHP Warning:  fwrite() expects parameter 1 to be resource, bool given in D:\os\OSPanel\domains\roof\system\library\cache\file.php on line 59
2023-05-01 11:22:25 - PHP Warning:  fflush() expects parameter 1 to be resource, bool given in D:\os\OSPanel\domains\roof\system\library\cache\file.php on line 61
2023-05-01 11:22:25 - PHP Warning:  flock() expects parameter 1 to be resource, bool given in D:\os\OSPanel\domains\roof\system\library\cache\file.php on line 63
2023-05-01 11:22:25 - PHP Warning:  fclose() expects parameter 1 to be resource, bool given in D:\os\OSPanel\domains\roof\system\library\cache\file.php on line 65
2023-05-01 11:22:25 - PHP Warning:  fopen(D:/os/OSPanel/domains/roof/system/storage/cache/cache.article.total.1.0.1.9ad218453f833c1f2c56dc4a018ae03d.1682943745): failed to open stream: Permission denied in D:\os\OSPanel\domains\roof\system\library\cache\file.php on line 55
2023-05-01 11:22:25 - PHP Warning:  flock() expects parameter 1 to be resource, bool given in D:\os\OSPanel\domains\roof\system\library\cache\file.php on line 57
2023-05-01 11:22:25 - PHP Warning:  fwrite() expects parameter 1 to be resource, bool given in D:\os\OSPanel\domains\roof\system\library\cache\file.php on line 59
2023-05-01 11:22:25 - PHP Warning:  fflush() expects parameter 1 to be resource, bool given in D:\os\OSPanel\domains\roof\system\library\cache\file.php on line 61
2023-05-01 11:22:25 - PHP Warning:  flock() expects parameter 1 to be resource, bool given in D:\os\OSPanel\domains\roof\system\library\cache\file.php on line 63
2023-05-01 11:22:25 - PHP Warning:  fclose() expects parameter 1 to be resource, bool given in D:\os\OSPanel\domains\roof\system\library\cache\file.php on line 65
2023-05-01 11:32:42 - PHP Notice:  Undefined index: limit in D:\os\OSPanel\domains\roof\catalog\controller\extension\module\featured_article.php on line 45
2023-05-01 11:32:42 - PHP Notice:  Undefined index: limit in D:\os\OSPanel\domains\roof\catalog\controller\extension\module\featured_product.php on line 9
2023-05-01 11:45:41 - PHP Notice:  Undefined index: limit in D:\os\OSPanel\domains\roof\catalog\controller\extension\module\blog_featured.php on line 15
2023-05-01 12:33:06 - PHP Notice:  Undefined index: limit in D:\os\OSPanel\domains\roof\catalog\controller\extension\module\blog_featured.php on line 15
2023-05-01 12:33:30 - PHP Notice:  Undefined index: limit in D:\os\OSPanel\domains\roof\catalog\controller\extension\module\blog_featured.php on line 15
2023-05-01 12:34:47 - PHP Notice:  Undefined index: limit in D:\os\OSPanel\domains\roof\catalog\controller\extension\module\blog_featured.php on line 15
2023-05-01 20:26:28 - PHP Notice:  Undefined index: path in D:\os\OSPanel\domains\roof\catalog\controller\information\information.php on line 126
2023-05-01 20:26:28 - PHP Notice:  Undefined variable: url in D:\os\OSPanel\domains\roof\catalog\controller\information\information.php on line 126
2023-05-01 20:26:28 - PHP Notice:  Undefined index: path in D:\os\OSPanel\domains\roof\catalog\controller\information\information.php on line 126
2023-05-01 20:26:28 - PHP Notice:  Undefined variable: url in D:\os\OSPanel\domains\roof\catalog\controller\information\information.php on line 126
2023-05-01 20:26:28 - PHP Notice:  Undefined index: path in D:\os\OSPanel\domains\roof\catalog\controller\information\information.php on line 126
2023-05-01 20:26:28 - PHP Notice:  Undefined variable: url in D:\os\OSPanel\domains\roof\catalog\controller\information\information.php on line 126
2023-05-01 20:26:28 - PHP Notice:  Undefined index: path in D:\os\OSPanel\domains\roof\catalog\controller\information\information.php on line 126
2023-05-01 20:26:28 - PHP Notice:  Undefined variable: url in D:\os\OSPanel\domains\roof\catalog\controller\information\information.php on line 126
2023-05-01 20:26:28 - PHP Notice:  Undefined index: path in D:\os\OSPanel\domains\roof\catalog\controller\information\information.php on line 126
2023-05-01 20:26:28 - PHP Notice:  Undefined variable: url in D:\os\OSPanel\domains\roof\catalog\controller\information\information.php on line 126
2023-05-01 20:26:28 - PHP Notice:  Undefined index: path in D:\os\OSPanel\domains\roof\catalog\controller\information\information.php on line 126
2023-05-01 20:26:28 - PHP Notice:  Undefined variable: url in D:\os\OSPanel\domains\roof\catalog\controller\information\information.php on line 126
2023-05-01 20:26:28 - PHP Notice:  Undefined index: path in D:\os\OSPanel\domains\roof\catalog\controller\information\information.php on line 126
2023-05-01 20:26:28 - PHP Notice:  Undefined variable: url in D:\os\OSPanel\domains\roof\catalog\controller\information\information.php on line 126
2023-05-01 20:26:28 - PHP Notice:  Undefined index: path in D:\os\OSPanel\domains\roof\catalog\controller\information\information.php on line 126
2023-05-01 20:26:28 - PHP Notice:  Undefined variable: url in D:\os\OSPanel\domains\roof\catalog\controller\information\information.php on line 126
2023-05-01 20:26:28 - PHP Notice:  Undefined index: path in D:\os\OSPanel\domains\roof\catalog\controller\information\information.php on line 126
2023-05-01 20:26:28 - PHP Notice:  Undefined variable: url in D:\os\OSPanel\domains\roof\catalog\controller\information\information.php on line 126
2023-05-01 20:26:28 - PHP Notice:  Undefined index: path in D:\os\OSPanel\domains\roof\catalog\controller\information\information.php on line 126
2023-05-01 20:26:28 - PHP Notice:  Undefined variable: url in D:\os\OSPanel\domains\roof\catalog\controller\information\information.php on line 126
2023-05-01 20:26:28 - PHP Notice:  Undefined index: path in D:\os\OSPanel\domains\roof\catalog\controller\information\information.php on line 126
2023-05-01 20:26:28 - PHP Notice:  Undefined variable: url in D:\os\OSPanel\domains\roof\catalog\controller\information\information.php on line 126
2023-05-01 20:26:29 - PHP Notice:  Undefined index: path in D:\os\OSPanel\domains\roof\catalog\controller\information\information.php on line 126
2023-05-01 20:26:29 - PHP Notice:  Undefined variable: url in D:\os\OSPanel\domains\roof\catalog\controller\information\information.php on line 126
2023-05-01 20:26:29 - PHP Notice:  Undefined index: path in D:\os\OSPanel\domains\roof\catalog\controller\information\information.php on line 126
2023-05-01 20:26:29 - PHP Notice:  Undefined variable: url in D:\os\OSPanel\domains\roof\catalog\controller\information\information.php on line 126
2023-05-01 20:26:29 - PHP Notice:  Undefined index: path in D:\os\OSPanel\domains\roof\catalog\controller\information\information.php on line 126
2023-05-01 20:26:29 - PHP Notice:  Undefined variable: url in D:\os\OSPanel\domains\roof\catalog\controller\information\information.php on line 126
2023-05-01 20:26:29 - PHP Notice:  Undefined index: path in D:\os\OSPanel\domains\roof\catalog\controller\information\information.php on line 126
2023-05-01 20:26:29 - PHP Notice:  Undefined variable: url in D:\os\OSPanel\domains\roof\catalog\controller\information\information.php on line 126
2023-05-01 20:26:29 - PHP Notice:  Undefined index: path in D:\os\OSPanel\domains\roof\catalog\controller\information\information.php on line 135
2023-05-01 20:26:29 - PHP Notice:  Undefined variable: url in D:\os\OSPanel\domains\roof\catalog\controller\information\information.php on line 135
2023-05-01 20:26:29 - PHP Warning:  include(D:/os/OSPanel/domains/roof/catalog/view/theme/shop/template/product/product_catd.php): failed to open stream: No such file or directory in D:\os\OSPanel\domains\roof\catalog\view\theme\shop\template\information\information.tpl on line 7
2023-05-01 20:26:29 - PHP Warning:  include(): Failed opening 'D:/os/OSPanel/domains/roof/catalog/view/theme/shop/template/product/product_catd.php' for inclusion (include_path='.') in D:\os\OSPanel\domains\roof\catalog\view\theme\shop\template\information\information.tpl on line 7
2023-05-01 20:26:29 - PHP Warning:  include(D:/os/OSPanel/domains/roof/catalog/view/theme/shop/template/product/product_catd.php): failed to open stream: No such file or directory in D:\os\OSPanel\domains\roof\catalog\view\theme\shop\template\information\information.tpl on line 7
2023-05-01 20:26:29 - PHP Warning:  include(): Failed opening 'D:/os/OSPanel/domains/roof/catalog/view/theme/shop/template/product/product_catd.php' for inclusion (include_path='.') in D:\os\OSPanel\domains\roof\catalog\view\theme\shop\template\information\information.tpl on line 7
2023-05-01 20:26:29 - PHP Warning:  include(D:/os/OSPanel/domains/roof/catalog/view/theme/shop/template/product/product_catd.php): failed to open stream: No such file or directory in D:\os\OSPanel\domains\roof\catalog\view\theme\shop\template\information\information.tpl on line 7
2023-05-01 20:26:29 - PHP Warning:  include(): Failed opening 'D:/os/OSPanel/domains/roof/catalog/view/theme/shop/template/product/product_catd.php' for inclusion (include_path='.') in D:\os\OSPanel\domains\roof\catalog\view\theme\shop\template\information\information.tpl on line 7
2023-05-01 20:26:29 - PHP Warning:  include(D:/os/OSPanel/domains/roof/catalog/view/theme/shop/template/product/product_catd.php): failed to open stream: No such file or directory in D:\os\OSPanel\domains\roof\catalog\view\theme\shop\template\information\information.tpl on line 7
2023-05-01 20:26:29 - PHP Warning:  include(): Failed opening 'D:/os/OSPanel/domains/roof/catalog/view/theme/shop/template/product/product_catd.php' for inclusion (include_path='.') in D:\os\OSPanel\domains\roof\catalog\view\theme\shop\template\information\information.tpl on line 7
2023-05-01 20:26:29 - PHP Warning:  include(D:/os/OSPanel/domains/roof/catalog/view/theme/shop/template/product/product_catd.php): failed to open stream: No such file or directory in D:\os\OSPanel\domains\roof\catalog\view\theme\shop\template\information\information.tpl on line 7
2023-05-01 20:26:29 - PHP Warning:  include(): Failed opening 'D:/os/OSPanel/domains/roof/catalog/view/theme/shop/template/product/product_catd.php' for inclusion (include_path='.') in D:\os\OSPanel\domains\roof\catalog\view\theme\shop\template\information\information.tpl on line 7
2023-05-01 20:26:29 - PHP Warning:  include(D:/os/OSPanel/domains/roof/catalog/view/theme/shop/template/product/product_catd.php): failed to open stream: No such file or directory in D:\os\OSPanel\domains\roof\catalog\view\theme\shop\template\information\information.tpl on line 7
2023-05-01 20:26:29 - PHP Warning:  include(): Failed opening 'D:/os/OSPanel/domains/roof/catalog/view/theme/shop/template/product/product_catd.php' for inclusion (include_path='.') in D:\os\OSPanel\domains\roof\catalog\view\theme\shop\template\information\information.tpl on line 7
2023-05-01 20:26:29 - PHP Warning:  include(D:/os/OSPanel/domains/roof/catalog/view/theme/shop/template/product/product_catd.php): failed to open stream: No such file or directory in D:\os\OSPanel\domains\roof\catalog\view\theme\shop\template\information\information.tpl on line 7
2023-05-01 20:26:29 - PHP Warning:  include(): Failed opening 'D:/os/OSPanel/domains/roof/catalog/view/theme/shop/template/product/product_catd.php' for inclusion (include_path='.') in D:\os\OSPanel\domains\roof\catalog\view\theme\shop\template\information\information.tpl on line 7
2023-05-01 20:26:29 - PHP Warning:  include(D:/os/OSPanel/domains/roof/catalog/view/theme/shop/template/product/product_catd.php): failed to open stream: No such file or directory in D:\os\OSPanel\domains\roof\catalog\view\theme\shop\template\information\information.tpl on line 7
2023-05-01 20:26:29 - PHP Warning:  include(): Failed opening 'D:/os/OSPanel/domains/roof/catalog/view/theme/shop/template/product/product_catd.php' for inclusion (include_path='.') in D:\os\OSPanel\domains\roof\catalog\view\theme\shop\template\information\information.tpl on line 7
2023-05-01 20:26:29 - PHP Warning:  include(D:/os/OSPanel/domains/roof/catalog/view/theme/shop/template/product/product_catd.php): failed to open stream: No such file or directory in D:\os\OSPanel\domains\roof\catalog\view\theme\shop\template\information\information.tpl on line 7
2023-05-01 20:26:29 - PHP Warning:  include(): Failed opening 'D:/os/OSPanel/domains/roof/catalog/view/theme/shop/template/product/product_catd.php' for inclusion (include_path='.') in D:\os\OSPanel\domains\roof\catalog\view\theme\shop\template\information\information.tpl on line 7
2023-05-01 20:26:29 - PHP Warning:  include(D:/os/OSPanel/domains/roof/catalog/view/theme/shop/template/product/product_catd.php): failed to open stream: No such file or directory in D:\os\OSPanel\domains\roof\catalog\view\theme\shop\template\information\information.tpl on line 7
2023-05-01 20:26:29 - PHP Warning:  include(): Failed opening 'D:/os/OSPanel/domains/roof/catalog/view/theme/shop/template/product/product_catd.php' for inclusion (include_path='.') in D:\os\OSPanel\domains\roof\catalog\view\theme\shop\template\information\information.tpl on line 7
2023-05-01 20:26:29 - PHP Warning:  include(D:/os/OSPanel/domains/roof/catalog/view/theme/shop/template/product/product_catd.php): failed to open stream: No such file or directory in D:\os\OSPanel\domains\roof\catalog\view\theme\shop\template\information\information.tpl on line 7
2023-05-01 20:26:29 - PHP Warning:  include(): Failed opening 'D:/os/OSPanel/domains/roof/catalog/view/theme/shop/template/product/product_catd.php' for inclusion (include_path='.') in D:\os\OSPanel\domains\roof\catalog\view\theme\shop\template\information\information.tpl on line 7
2023-05-01 20:26:29 - PHP Warning:  include(D:/os/OSPanel/domains/roof/catalog/view/theme/shop/template/product/product_catd.php): failed to open stream: No such file or directory in D:\os\OSPanel\domains\roof\catalog\view\theme\shop\template\information\information.tpl on line 7
2023-05-01 20:26:29 - PHP Warning:  include(): Failed opening 'D:/os/OSPanel/domains/roof/catalog/view/theme/shop/template/product/product_catd.php' for inclusion (include_path='.') in D:\os\OSPanel\domains\roof\catalog\view\theme\shop\template\information\information.tpl on line 7
2023-05-01 20:26:29 - PHP Warning:  include(D:/os/OSPanel/domains/roof/catalog/view/theme/shop/template/product/product_catd.php): failed to open stream: No such file or directory in D:\os\OSPanel\domains\roof\catalog\view\theme\shop\template\information\information.tpl on line 7
2023-05-01 20:26:29 - PHP Warning:  include(): Failed opening 'D:/os/OSPanel/domains/roof/catalog/view/theme/shop/template/product/product_catd.php' for inclusion (include_path='.') in D:\os\OSPanel\domains\roof\catalog\view\theme\shop\template\information\information.tpl on line 7
2023-05-01 20:26:29 - PHP Warning:  include(D:/os/OSPanel/domains/roof/catalog/view/theme/shop/template/product/product_catd.php): failed to open stream: No such file or directory in D:\os\OSPanel\domains\roof\catalog\view\theme\shop\template\information\information.tpl on line 7
2023-05-01 20:26:29 - PHP Warning:  include(): Failed opening 'D:/os/OSPanel/domains/roof/catalog/view/theme/shop/template/product/product_catd.php' for inclusion (include_path='.') in D:\os\OSPanel\domains\roof\catalog\view\theme\shop\template\information\information.tpl on line 7
2023-05-01 20:26:29 - PHP Warning:  include(D:/os/OSPanel/domains/roof/catalog/view/theme/shop/template/product/product_catd.php): failed to open stream: No such file or directory in D:\os\OSPanel\domains\roof\catalog\view\theme\shop\template\information\information.tpl on line 7
2023-05-01 20:26:29 - PHP Warning:  include(): Failed opening 'D:/os/OSPanel/domains/roof/catalog/view/theme/shop/template/product/product_catd.php' for inclusion (include_path='.') in D:\os\OSPanel\domains\roof\catalog\view\theme\shop\template\information\information.tpl on line 7
2023-05-01 20:26:46 - PHP Notice:  Undefined index: path in D:\os\OSPanel\domains\roof\catalog\controller\information\information.php on line 126
2023-05-01 20:26:46 - PHP Notice:  Undefined index: path in D:\os\OSPanel\domains\roof\catalog\controller\information\information.php on line 126
2023-05-01 20:26:46 - PHP Notice:  Undefined index: path in D:\os\OSPanel\domains\roof\catalog\controller\information\information.php on line 126
2023-05-01 20:26:46 - PHP Notice:  Undefined index: path in D:\os\OSPanel\domains\roof\catalog\controller\information\information.php on line 126
2023-05-01 20:26:46 - PHP Notice:  Undefined index: path in D:\os\OSPanel\domains\roof\catalog\controller\information\information.php on line 126
2023-05-01 20:26:46 - PHP Notice:  Undefined index: path in D:\os\OSPanel\domains\roof\catalog\controller\information\information.php on line 126
2023-05-01 20:26:46 - PHP Notice:  Undefined index: path in D:\os\OSPanel\domains\roof\catalog\controller\information\information.php on line 126
2023-05-01 20:26:46 - PHP Notice:  Undefined index: path in D:\os\OSPanel\domains\roof\catalog\controller\information\information.php on line 126
2023-05-01 20:26:46 - PHP Notice:  Undefined index: path in D:\os\OSPanel\domains\roof\catalog\controller\information\information.php on line 126
2023-05-01 20:26:46 - PHP Notice:  Undefined index: path in D:\os\OSPanel\domains\roof\catalog\controller\information\information.php on line 126
2023-05-01 20:26:46 - PHP Notice:  Undefined index: path in D:\os\OSPanel\domains\roof\catalog\controller\information\information.php on line 126
2023-05-01 20:26:46 - PHP Notice:  Undefined index: path in D:\os\OSPanel\domains\roof\catalog\controller\information\information.php on line 126
2023-05-01 20:26:46 - PHP Notice:  Undefined index: path in D:\os\OSPanel\domains\roof\catalog\controller\information\information.php on line 126
2023-05-01 20:26:46 - PHP Notice:  Undefined index: path in D:\os\OSPanel\domains\roof\catalog\controller\information\information.php on line 126
2023-05-01 20:26:46 - PHP Notice:  Undefined index: path in D:\os\OSPanel\domains\roof\catalog\controller\information\information.php on line 126
2023-05-01 20:26:46 - PHP Notice:  Undefined index: path in D:\os\OSPanel\domains\roof\catalog\controller\information\information.php on line 135
2023-05-01 20:26:46 - PHP Notice:  Undefined variable: url in D:\os\OSPanel\domains\roof\catalog\controller\information\information.php on line 135
2023-05-01 20:26:46 - PHP Warning:  include(D:/os/OSPanel/domains/roof/catalog/view/theme/shop/template/product/product_catd.php): failed to open stream: No such file or directory in D:\os\OSPanel\domains\roof\catalog\view\theme\shop\template\information\information.tpl on line 7
2023-05-01 20:26:46 - PHP Warning:  include(): Failed opening 'D:/os/OSPanel/domains/roof/catalog/view/theme/shop/template/product/product_catd.php' for inclusion (include_path='.') in D:\os\OSPanel\domains\roof\catalog\view\theme\shop\template\information\information.tpl on line 7
2023-05-01 20:26:46 - PHP Warning:  include(D:/os/OSPanel/domains/roof/catalog/view/theme/shop/template/product/product_catd.php): failed to open stream: No such file or directory in D:\os\OSPanel\domains\roof\catalog\view\theme\shop\template\information\information.tpl on line 7
2023-05-01 20:26:46 - PHP Warning:  include(): Failed opening 'D:/os/OSPanel/domains/roof/catalog/view/theme/shop/template/product/product_catd.php' for inclusion (include_path='.') in D:\os\OSPanel\domains\roof\catalog\view\theme\shop\template\information\information.tpl on line 7
2023-05-01 20:26:46 - PHP Warning:  include(D:/os/OSPanel/domains/roof/catalog/view/theme/shop/template/product/product_catd.php): failed to open stream: No such file or directory in D:\os\OSPanel\domains\roof\catalog\view\theme\shop\template\information\information.tpl on line 7
2023-05-01 20:26:46 - PHP Warning:  include(): Failed opening 'D:/os/OSPanel/domains/roof/catalog/view/theme/shop/template/product/product_catd.php' for inclusion (include_path='.') in D:\os\OSPanel\domains\roof\catalog\view\theme\shop\template\information\information.tpl on line 7
2023-05-01 20:26:46 - PHP Warning:  include(D:/os/OSPanel/domains/roof/catalog/view/theme/shop/template/product/product_catd.php): failed to open stream: No such file or directory in D:\os\OSPanel\domains\roof\catalog\view\theme\shop\template\information\information.tpl on line 7
2023-05-01 20:26:46 - PHP Warning:  include(): Failed opening 'D:/os/OSPanel/domains/roof/catalog/view/theme/shop/template/product/product_catd.php' for inclusion (include_path='.') in D:\os\OSPanel\domains\roof\catalog\view\theme\shop\template\information\information.tpl on line 7
2023-05-01 20:26:46 - PHP Warning:  include(D:/os/OSPanel/domains/roof/catalog/view/theme/shop/template/product/product_catd.php): failed to open stream: No such file or directory in D:\os\OSPanel\domains\roof\catalog\view\theme\shop\template\information\information.tpl on line 7
2023-05-01 20:26:46 - PHP Warning:  include(): Failed opening 'D:/os/OSPanel/domains/roof/catalog/view/theme/shop/template/product/product_catd.php' for inclusion (include_path='.') in D:\os\OSPanel\domains\roof\catalog\view\theme\shop\template\information\information.tpl on line 7
2023-05-01 20:26:46 - PHP Warning:  include(D:/os/OSPanel/domains/roof/catalog/view/theme/shop/template/product/product_catd.php): failed to open stream: No such file or directory in D:\os\OSPanel\domains\roof\catalog\view\theme\shop\template\information\information.tpl on line 7
2023-05-01 20:26:46 - PHP Warning:  include(): Failed opening 'D:/os/OSPanel/domains/roof/catalog/view/theme/shop/template/product/product_catd.php' for inclusion (include_path='.') in D:\os\OSPanel\domains\roof\catalog\view\theme\shop\template\information\information.tpl on line 7
2023-05-01 20:26:46 - PHP Warning:  include(D:/os/OSPanel/domains/roof/catalog/view/theme/shop/template/product/product_catd.php): failed to open stream: No such file or directory in D:\os\OSPanel\domains\roof\catalog\view\theme\shop\template\information\information.tpl on line 7
2023-05-01 20:26:46 - PHP Warning:  include(): Failed opening 'D:/os/OSPanel/domains/roof/catalog/view/theme/shop/template/product/product_catd.php' for inclusion (include_path='.') in D:\os\OSPanel\domains\roof\catalog\view\theme\shop\template\information\information.tpl on line 7
2023-05-01 20:26:46 - PHP Warning:  include(D:/os/OSPanel/domains/roof/catalog/view/theme/shop/template/product/product_catd.php): failed to open stream: No such file or directory in D:\os\OSPanel\domains\roof\catalog\view\theme\shop\template\information\information.tpl on line 7
2023-05-01 20:26:46 - PHP Warning:  include(): Failed opening 'D:/os/OSPanel/domains/roof/catalog/view/theme/shop/template/product/product_catd.php' for inclusion (include_path='.') in D:\os\OSPanel\domains\roof\catalog\view\theme\shop\template\information\information.tpl on line 7
2023-05-01 20:26:46 - PHP Warning:  include(D:/os/OSPanel/domains/roof/catalog/view/theme/shop/template/product/product_catd.php): failed to open stream: No such file or directory in D:\os\OSPanel\domains\roof\catalog\view\theme\shop\template\information\information.tpl on line 7
2023-05-01 20:26:46 - PHP Warning:  include(): Failed opening 'D:/os/OSPanel/domains/roof/catalog/view/theme/shop/template/product/product_catd.php' for inclusion (include_path='.') in D:\os\OSPanel\domains\roof\catalog\view\theme\shop\template\information\information.tpl on line 7
2023-05-01 20:26:46 - PHP Warning:  include(D:/os/OSPanel/domains/roof/catalog/view/theme/shop/template/product/product_catd.php): failed to open stream: No such file or directory in D:\os\OSPanel\domains\roof\catalog\view\theme\shop\template\information\information.tpl on line 7
2023-05-01 20:26:46 - PHP Warning:  include(): Failed opening 'D:/os/OSPanel/domains/roof/catalog/view/theme/shop/template/product/product_catd.php' for inclusion (include_path='.') in D:\os\OSPanel\domains\roof\catalog\view\theme\shop\template\information\information.tpl on line 7
2023-05-01 20:26:46 - PHP Warning:  include(D:/os/OSPanel/domains/roof/catalog/view/theme/shop/template/product/product_catd.php): failed to open stream: No such file or directory in D:\os\OSPanel\domains\roof\catalog\view\theme\shop\template\information\information.tpl on line 7
2023-05-01 20:26:46 - PHP Warning:  include(): Failed opening 'D:/os/OSPanel/domains/roof/catalog/view/theme/shop/template/product/product_catd.php' for inclusion (include_path='.') in D:\os\OSPanel\domains\roof\catalog\view\theme\shop\template\information\information.tpl on line 7
2023-05-01 20:26:46 - PHP Warning:  include(D:/os/OSPanel/domains/roof/catalog/view/theme/shop/template/product/product_catd.php): failed to open stream: No such file or directory in D:\os\OSPanel\domains\roof\catalog\view\theme\shop\template\information\information.tpl on line 7
2023-05-01 20:26:46 - PHP Warning:  include(): Failed opening 'D:/os/OSPanel/domains/roof/catalog/view/theme/shop/template/product/product_catd.php' for inclusion (include_path='.') in D:\os\OSPanel\domains\roof\catalog\view\theme\shop\template\information\information.tpl on line 7
2023-05-01 20:26:46 - PHP Warning:  include(D:/os/OSPanel/domains/roof/catalog/view/theme/shop/template/product/product_catd.php): failed to open stream: No such file or directory in D:\os\OSPanel\domains\roof\catalog\view\theme\shop\template\information\information.tpl on line 7
2023-05-01 20:26:46 - PHP Warning:  include(): Failed opening 'D:/os/OSPanel/domains/roof/catalog/view/theme/shop/template/product/product_catd.php' for inclusion (include_path='.') in D:\os\OSPanel\domains\roof\catalog\view\theme\shop\template\information\information.tpl on line 7
2023-05-01 20:26:46 - PHP Warning:  include(D:/os/OSPanel/domains/roof/catalog/view/theme/shop/template/product/product_catd.php): failed to open stream: No such file or directory in D:\os\OSPanel\domains\roof\catalog\view\theme\shop\template\information\information.tpl on line 7
2023-05-01 20:26:46 - PHP Warning:  include(): Failed opening 'D:/os/OSPanel/domains/roof/catalog/view/theme/shop/template/product/product_catd.php' for inclusion (include_path='.') in D:\os\OSPanel\domains\roof\catalog\view\theme\shop\template\information\information.tpl on line 7
2023-05-01 20:26:46 - PHP Warning:  include(D:/os/OSPanel/domains/roof/catalog/view/theme/shop/template/product/product_catd.php): failed to open stream: No such file or directory in D:\os\OSPanel\domains\roof\catalog\view\theme\shop\template\information\information.tpl on line 7
2023-05-01 20:26:46 - PHP Warning:  include(): Failed opening 'D:/os/OSPanel/domains/roof/catalog/view/theme/shop/template/product/product_catd.php' for inclusion (include_path='.') in D:\os\OSPanel\domains\roof\catalog\view\theme\shop\template\information\information.tpl on line 7
2023-05-01 20:27:16 - PHP Notice:  Undefined index: path in D:\os\OSPanel\domains\roof\catalog\controller\information\information.php on line 135
2023-05-01 20:27:16 - PHP Notice:  Undefined variable: url in D:\os\OSPanel\domains\roof\catalog\controller\information\information.php on line 135
2023-05-01 20:27:16 - PHP Warning:  include(D:/os/OSPanel/domains/roof/catalog/view/theme/shop/template/product/product_catd.php): failed to open stream: No such file or directory in D:\os\OSPanel\domains\roof\catalog\view\theme\shop\template\information\information.tpl on line 7
2023-05-01 20:27:16 - PHP Warning:  include(): Failed opening 'D:/os/OSPanel/domains/roof/catalog/view/theme/shop/template/product/product_catd.php' for inclusion (include_path='.') in D:\os\OSPanel\domains\roof\catalog\view\theme\shop\template\information\information.tpl on line 7
2023-05-01 20:27:16 - PHP Warning:  include(D:/os/OSPanel/domains/roof/catalog/view/theme/shop/template/product/product_catd.php): failed to open stream: No such file or directory in D:\os\OSPanel\domains\roof\catalog\view\theme\shop\template\information\information.tpl on line 7
2023-05-01 20:27:16 - PHP Warning:  include(): Failed opening 'D:/os/OSPanel/domains/roof/catalog/view/theme/shop/template/product/product_catd.php' for inclusion (include_path='.') in D:\os\OSPanel\domains\roof\catalog\view\theme\shop\template\information\information.tpl on line 7
2023-05-01 20:27:16 - PHP Warning:  include(D:/os/OSPanel/domains/roof/catalog/view/theme/shop/template/product/product_catd.php): failed to open stream: No such file or directory in D:\os\OSPanel\domains\roof\catalog\view\theme\shop\template\information\information.tpl on line 7
2023-05-01 20:27:16 - PHP Warning:  include(): Failed opening 'D:/os/OSPanel/domains/roof/catalog/view/theme/shop/template/product/product_catd.php' for inclusion (include_path='.') in D:\os\OSPanel\domains\roof\catalog\view\theme\shop\template\information\information.tpl on line 7
2023-05-01 20:27:16 - PHP Warning:  include(D:/os/OSPanel/domains/roof/catalog/view/theme/shop/template/product/product_catd.php): failed to open stream: No such file or directory in D:\os\OSPanel\domains\roof\catalog\view\theme\shop\template\information\information.tpl on line 7
2023-05-01 20:27:16 - PHP Warning:  include(): Failed opening 'D:/os/OSPanel/domains/roof/catalog/view/theme/shop/template/product/product_catd.php' for inclusion (include_path='.') in D:\os\OSPanel\domains\roof\catalog\view\theme\shop\template\information\information.tpl on line 7
2023-05-01 20:27:16 - PHP Warning:  include(D:/os/OSPanel/domains/roof/catalog/view/theme/shop/template/product/product_catd.php): failed to open stream: No such file or directory in D:\os\OSPanel\domains\roof\catalog\view\theme\shop\template\information\information.tpl on line 7
2023-05-01 20:27:16 - PHP Warning:  include(): Failed opening 'D:/os/OSPanel/domains/roof/catalog/view/theme/shop/template/product/product_catd.php' for inclusion (include_path='.') in D:\os\OSPanel\domains\roof\catalog\view\theme\shop\template\information\information.tpl on line 7
2023-05-01 20:27:16 - PHP Warning:  include(D:/os/OSPanel/domains/roof/catalog/view/theme/shop/template/product/product_catd.php): failed to open stream: No such file or directory in D:\os\OSPanel\domains\roof\catalog\view\theme\shop\template\information\information.tpl on line 7
2023-05-01 20:27:16 - PHP Warning:  include(): Failed opening 'D:/os/OSPanel/domains/roof/catalog/view/theme/shop/template/product/product_catd.php' for inclusion (include_path='.') in D:\os\OSPanel\domains\roof\catalog\view\theme\shop\template\information\information.tpl on line 7
2023-05-01 20:27:16 - PHP Warning:  include(D:/os/OSPanel/domains/roof/catalog/view/theme/shop/template/product/product_catd.php): failed to open stream: No such file or directory in D:\os\OSPanel\domains\roof\catalog\view\theme\shop\template\information\information.tpl on line 7
2023-05-01 20:27:16 - PHP Warning:  include(): Failed opening 'D:/os/OSPanel/domains/roof/catalog/view/theme/shop/template/product/product_catd.php' for inclusion (include_path='.') in D:\os\OSPanel\domains\roof\catalog\view\theme\shop\template\information\information.tpl on line 7
2023-05-01 20:27:16 - PHP Warning:  include(D:/os/OSPanel/domains/roof/catalog/view/theme/shop/template/product/product_catd.php): failed to open stream: No such file or directory in D:\os\OSPanel\domains\roof\catalog\view\theme\shop\template\information\information.tpl on line 7
2023-05-01 20:27:16 - PHP Warning:  include(): Failed opening 'D:/os/OSPanel/domains/roof/catalog/view/theme/shop/template/product/product_catd.php' for inclusion (include_path='.') in D:\os\OSPanel\domains\roof\catalog\view\theme\shop\template\information\information.tpl on line 7
2023-05-01 20:27:16 - PHP Warning:  include(D:/os/OSPanel/domains/roof/catalog/view/theme/shop/template/product/product_catd.php): failed to open stream: No such file or directory in D:\os\OSPanel\domains\roof\catalog\view\theme\shop\template\information\information.tpl on line 7
2023-05-01 20:27:16 - PHP Warning:  include(): Failed opening 'D:/os/OSPanel/domains/roof/catalog/view/theme/shop/template/product/product_catd.php' for inclusion (include_path='.') in D:\os\OSPanel\domains\roof\catalog\view\theme\shop\template\information\information.tpl on line 7
2023-05-01 20:27:16 - PHP Warning:  include(D:/os/OSPanel/domains/roof/catalog/view/theme/shop/template/product/product_catd.php): failed to open stream: No such file or directory in D:\os\OSPanel\domains\roof\catalog\view\theme\shop\template\information\information.tpl on line 7
2023-05-01 20:27:16 - PHP Warning:  include(): Failed opening 'D:/os/OSPanel/domains/roof/catalog/view/theme/shop/template/product/product_catd.php' for inclusion (include_path='.') in D:\os\OSPanel\domains\roof\catalog\view\theme\shop\template\information\information.tpl on line 7
2023-05-01 20:27:16 - PHP Warning:  include(D:/os/OSPanel/domains/roof/catalog/view/theme/shop/template/product/product_catd.php): failed to open stream: No such file or directory in D:\os\OSPanel\domains\roof\catalog\view\theme\shop\template\information\information.tpl on line 7
2023-05-01 20:27:16 - PHP Warning:  include(): Failed opening 'D:/os/OSPanel/domains/roof/catalog/view/theme/shop/template/product/product_catd.php' for inclusion (include_path='.') in D:\os\OSPanel\domains\roof\catalog\view\theme\shop\template\information\information.tpl on line 7
2023-05-01 20:27:16 - PHP Warning:  include(D:/os/OSPanel/domains/roof/catalog/view/theme/shop/template/product/product_catd.php): failed to open stream: No such file or directory in D:\os\OSPanel\domains\roof\catalog\view\theme\shop\template\information\information.tpl on line 7
2023-05-01 20:27:16 - PHP Warning:  include(): Failed opening 'D:/os/OSPanel/domains/roof/catalog/view/theme/shop/template/product/product_catd.php' for inclusion (include_path='.') in D:\os\OSPanel\domains\roof\catalog\view\theme\shop\template\information\information.tpl on line 7
2023-05-01 20:27:16 - PHP Warning:  include(D:/os/OSPanel/domains/roof/catalog/view/theme/shop/template/product/product_catd.php): failed to open stream: No such file or directory in D:\os\OSPanel\domains\roof\catalog\view\theme\shop\template\information\information.tpl on line 7
2023-05-01 20:27:16 - PHP Warning:  include(): Failed opening 'D:/os/OSPanel/domains/roof/catalog/view/theme/shop/template/product/product_catd.php' for inclusion (include_path='.') in D:\os\OSPanel\domains\roof\catalog\view\theme\shop\template\information\information.tpl on line 7
2023-05-01 20:27:16 - PHP Warning:  include(D:/os/OSPanel/domains/roof/catalog/view/theme/shop/template/product/product_catd.php): failed to open stream: No such file or directory in D:\os\OSPanel\domains\roof\catalog\view\theme\shop\template\information\information.tpl on line 7
2023-05-01 20:27:16 - PHP Warning:  include(): Failed opening 'D:/os/OSPanel/domains/roof/catalog/view/theme/shop/template/product/product_catd.php' for inclusion (include_path='.') in D:\os\OSPanel\domains\roof\catalog\view\theme\shop\template\information\information.tpl on line 7
2023-05-01 20:27:16 - PHP Warning:  include(D:/os/OSPanel/domains/roof/catalog/view/theme/shop/template/product/product_catd.php): failed to open stream: No such file or directory in D:\os\OSPanel\domains\roof\catalog\view\theme\shop\template\information\information.tpl on line 7
2023-05-01 20:27:16 - PHP Warning:  include(): Failed opening 'D:/os/OSPanel/domains/roof/catalog/view/theme/shop/template/product/product_catd.php' for inclusion (include_path='.') in D:\os\OSPanel\domains\roof\catalog\view\theme\shop\template\information\information.tpl on line 7
2023-05-01 20:27:48 - PHP Warning:  include(D:/os/OSPanel/domains/roof/catalog/view/theme/shop/template/product/product_catd.php): failed to open stream: No such file or directory in D:\os\OSPanel\domains\roof\catalog\view\theme\shop\template\information\information.tpl on line 7
2023-05-01 20:27:48 - PHP Warning:  include(): Failed opening 'D:/os/OSPanel/domains/roof/catalog/view/theme/shop/template/product/product_catd.php' for inclusion (include_path='.') in D:\os\OSPanel\domains\roof\catalog\view\theme\shop\template\information\information.tpl on line 7
2023-05-01 20:27:48 - PHP Warning:  include(D:/os/OSPanel/domains/roof/catalog/view/theme/shop/template/product/product_catd.php): failed to open stream: No such file or directory in D:\os\OSPanel\domains\roof\catalog\view\theme\shop\template\information\information.tpl on line 7
2023-05-01 20:27:48 - PHP Warning:  include(): Failed opening 'D:/os/OSPanel/domains/roof/catalog/view/theme/shop/template/product/product_catd.php' for inclusion (include_path='.') in D:\os\OSPanel\domains\roof\catalog\view\theme\shop\template\information\information.tpl on line 7
2023-05-01 20:27:48 - PHP Warning:  include(D:/os/OSPanel/domains/roof/catalog/view/theme/shop/template/product/product_catd.php): failed to open stream: No such file or directory in D:\os\OSPanel\domains\roof\catalog\view\theme\shop\template\information\information.tpl on line 7
2023-05-01 20:27:48 - PHP Warning:  include(): Failed opening 'D:/os/OSPanel/domains/roof/catalog/view/theme/shop/template/product/product_catd.php' for inclusion (include_path='.') in D:\os\OSPanel\domains\roof\catalog\view\theme\shop\template\information\information.tpl on line 7
2023-05-01 20:27:48 - PHP Warning:  include(D:/os/OSPanel/domains/roof/catalog/view/theme/shop/template/product/product_catd.php): failed to open stream: No such file or directory in D:\os\OSPanel\domains\roof\catalog\view\theme\shop\template\information\information.tpl on line 7
2023-05-01 20:27:48 - PHP Warning:  include(): Failed opening 'D:/os/OSPanel/domains/roof/catalog/view/theme/shop/template/product/product_catd.php' for inclusion (include_path='.') in D:\os\OSPanel\domains\roof\catalog\view\theme\shop\template\information\information.tpl on line 7
2023-05-01 20:27:48 - PHP Warning:  include(D:/os/OSPanel/domains/roof/catalog/view/theme/shop/template/product/product_catd.php): failed to open stream: No such file or directory in D:\os\OSPanel\domains\roof\catalog\view\theme\shop\template\information\information.tpl on line 7
2023-05-01 20:27:48 - PHP Warning:  include(): Failed opening 'D:/os/OSPanel/domains/roof/catalog/view/theme/shop/template/product/product_catd.php' for inclusion (include_path='.') in D:\os\OSPanel\domains\roof\catalog\view\theme\shop\template\information\information.tpl on line 7
2023-05-01 20:27:48 - PHP Warning:  include(D:/os/OSPanel/domains/roof/catalog/view/theme/shop/template/product/product_catd.php): failed to open stream: No such file or directory in D:\os\OSPanel\domains\roof\catalog\view\theme\shop\template\information\information.tpl on line 7
2023-05-01 20:27:48 - PHP Warning:  include(): Failed opening 'D:/os/OSPanel/domains/roof/catalog/view/theme/shop/template/product/product_catd.php' for inclusion (include_path='.') in D:\os\OSPanel\domains\roof\catalog\view\theme\shop\template\information\information.tpl on line 7
2023-05-01 20:27:48 - PHP Warning:  include(D:/os/OSPanel/domains/roof/catalog/view/theme/shop/template/product/product_catd.php): failed to open stream: No such file or directory in D:\os\OSPanel\domains\roof\catalog\view\theme\shop\template\information\information.tpl on line 7
2023-05-01 20:27:48 - PHP Warning:  include(): Failed opening 'D:/os/OSPanel/domains/roof/catalog/view/theme/shop/template/product/product_catd.php' for inclusion (include_path='.') in D:\os\OSPanel\domains\roof\catalog\view\theme\shop\template\information\information.tpl on line 7
2023-05-01 20:27:48 - PHP Warning:  include(D:/os/OSPanel/domains/roof/catalog/view/theme/shop/template/product/product_catd.php): failed to open stream: No such file or directory in D:\os\OSPanel\domains\roof\catalog\view\theme\shop\template\information\information.tpl on line 7
2023-05-01 20:27:48 - PHP Warning:  include(): Failed opening 'D:/os/OSPanel/domains/roof/catalog/view/theme/shop/template/product/product_catd.php' for inclusion (include_path='.') in D:\os\OSPanel\domains\roof\catalog\view\theme\shop\template\information\information.tpl on line 7
2023-05-01 20:27:48 - PHP Warning:  include(D:/os/OSPanel/domains/roof/catalog/view/theme/shop/template/product/product_catd.php): failed to open stream: No such file or directory in D:\os\OSPanel\domains\roof\catalog\view\theme\shop\template\information\information.tpl on line 7
2023-05-01 20:27:48 - PHP Warning:  include(): Failed opening 'D:/os/OSPanel/domains/roof/catalog/view/theme/shop/template/product/product_catd.php' for inclusion (include_path='.') in D:\os\OSPanel\domains\roof\catalog\view\theme\shop\template\information\information.tpl on line 7
2023-05-01 20:27:48 - PHP Warning:  include(D:/os/OSPanel/domains/roof/catalog/view/theme/shop/template/product/product_catd.php): failed to open stream: No such file or directory in D:\os\OSPanel\domains\roof\catalog\view\theme\shop\template\information\information.tpl on line 7
2023-05-01 20:27:48 - PHP Warning:  include(): Failed opening 'D:/os/OSPanel/domains/roof/catalog/view/theme/shop/template/product/product_catd.php' for inclusion (include_path='.') in D:\os\OSPanel\domains\roof\catalog\view\theme\shop\template\information\information.tpl on line 7
2023-05-01 20:27:48 - PHP Warning:  include(D:/os/OSPanel/domains/roof/catalog/view/theme/shop/template/product/product_catd.php): failed to open stream: No such file or directory in D:\os\OSPanel\domains\roof\catalog\view\theme\shop\template\information\information.tpl on line 7
2023-05-01 20:27:48 - PHP Warning:  include(): Failed opening 'D:/os/OSPanel/domains/roof/catalog/view/theme/shop/template/product/product_catd.php' for inclusion (include_path='.') in D:\os\OSPanel\domains\roof\catalog\view\theme\shop\template\information\information.tpl on line 7
2023-05-01 20:27:48 - PHP Warning:  include(D:/os/OSPanel/domains/roof/catalog/view/theme/shop/template/product/product_catd.php): failed to open stream: No such file or directory in D:\os\OSPanel\domains\roof\catalog\view\theme\shop\template\information\information.tpl on line 7
2023-05-01 20:27:48 - PHP Warning:  include(): Failed opening 'D:/os/OSPanel/domains/roof/catalog/view/theme/shop/template/product/product_catd.php' for inclusion (include_path='.') in D:\os\OSPanel\domains\roof\catalog\view\theme\shop\template\information\information.tpl on line 7
2023-05-01 20:27:48 - PHP Warning:  include(D:/os/OSPanel/domains/roof/catalog/view/theme/shop/template/product/product_catd.php): failed to open stream: No such file or directory in D:\os\OSPanel\domains\roof\catalog\view\theme\shop\template\information\information.tpl on line 7
2023-05-01 20:27:48 - PHP Warning:  include(): Failed opening 'D:/os/OSPanel/domains/roof/catalog/view/theme/shop/template/product/product_catd.php' for inclusion (include_path='.') in D:\os\OSPanel\domains\roof\catalog\view\theme\shop\template\information\information.tpl on line 7
2023-05-01 20:27:48 - PHP Warning:  include(D:/os/OSPanel/domains/roof/catalog/view/theme/shop/template/product/product_catd.php): failed to open stream: No such file or directory in D:\os\OSPanel\domains\roof\catalog\view\theme\shop\template\information\information.tpl on line 7
2023-05-01 20:27:48 - PHP Warning:  include(): Failed opening 'D:/os/OSPanel/domains/roof/catalog/view/theme/shop/template/product/product_catd.php' for inclusion (include_path='.') in D:\os\OSPanel\domains\roof\catalog\view\theme\shop\template\information\information.tpl on line 7
2023-05-01 20:27:48 - PHP Warning:  include(D:/os/OSPanel/domains/roof/catalog/view/theme/shop/template/product/product_catd.php): failed to open stream: No such file or directory in D:\os\OSPanel\domains\roof\catalog\view\theme\shop\template\information\information.tpl on line 7
2023-05-01 20:27:48 - PHP Warning:  include(): Failed opening 'D:/os/OSPanel/domains/roof/catalog/view/theme/shop/template/product/product_catd.php' for inclusion (include_path='.') in D:\os\OSPanel\domains\roof\catalog\view\theme\shop\template\information\information.tpl on line 7
2023-05-01 20:28:15 - PHP Notice:  Undefined index: image in D:\os\OSPanel\domains\roof\catalog\view\theme\shop\template\product\product_card.php on line 3
2023-05-01 20:28:15 - PHP Notice:  Undefined index: image in D:\os\OSPanel\domains\roof\catalog\view\theme\shop\template\product\product_card.php on line 3
2023-05-01 20:28:15 - PHP Notice:  Undefined index: image in D:\os\OSPanel\domains\roof\catalog\view\theme\shop\template\product\product_card.php on line 3
2023-05-01 20:28:15 - PHP Notice:  Undefined index: image in D:\os\OSPanel\domains\roof\catalog\view\theme\shop\template\product\product_card.php on line 3
2023-05-01 20:28:15 - PHP Notice:  Undefined index: image in D:\os\OSPanel\domains\roof\catalog\view\theme\shop\template\product\product_card.php on line 3
2023-05-01 20:28:15 - PHP Notice:  Undefined index: image in D:\os\OSPanel\domains\roof\catalog\view\theme\shop\template\product\product_card.php on line 3
2023-05-01 20:28:15 - PHP Notice:  Undefined index: image in D:\os\OSPanel\domains\roof\catalog\view\theme\shop\template\product\product_card.php on line 3
2023-05-01 20:28:15 - PHP Notice:  Undefined index: image in D:\os\OSPanel\domains\roof\catalog\view\theme\shop\template\product\product_card.php on line 3
2023-05-01 20:28:15 - PHP Notice:  Undefined index: image in D:\os\OSPanel\domains\roof\catalog\view\theme\shop\template\product\product_card.php on line 3
2023-05-01 20:28:15 - PHP Notice:  Undefined index: image in D:\os\OSPanel\domains\roof\catalog\view\theme\shop\template\product\product_card.php on line 3
2023-05-01 20:28:15 - PHP Notice:  Undefined index: image in D:\os\OSPanel\domains\roof\catalog\view\theme\shop\template\product\product_card.php on line 3
2023-05-01 20:28:15 - PHP Notice:  Undefined index: image in D:\os\OSPanel\domains\roof\catalog\view\theme\shop\template\product\product_card.php on line 3
2023-05-01 20:28:15 - PHP Notice:  Undefined index: image in D:\os\OSPanel\domains\roof\catalog\view\theme\shop\template\product\product_card.php on line 3
2023-05-01 20:28:15 - PHP Notice:  Undefined index: image in D:\os\OSPanel\domains\roof\catalog\view\theme\shop\template\product\product_card.php on line 3
2023-05-01 20:28:15 - PHP Notice:  Undefined index: image in D:\os\OSPanel\domains\roof\catalog\view\theme\shop\template\product\product_card.php on line 3
2023-05-01 20:29:46 - PHP Notice:  Undefined index: limit in D:\os\OSPanel\domains\roof\catalog\controller\extension\module\featured_article.php on line 23
2023-05-01 20:33:40 - PHP Notice:  Undefined index: limit in D:\os\OSPanel\domains\roof\catalog\controller\extension\module\featured_article.php on line 23
2023-05-01 20:38:10 - PHP Notice:  Undefined index: limit in D:\os\OSPanel\domains\roof\catalog\controller\extension\module\featured_article.php on line 23
2023-05-01 20:39:17 - PHP Notice:  Undefined index: limit in D:\os\OSPanel\domains\roof\catalog\controller\extension\module\featured_article.php on line 23
2023-05-01 20:40:42 - PHP Notice:  Undefined index: limit in D:\os\OSPanel\domains\roof\catalog\controller\extension\module\blog_featured.php on line 15
2023-05-01 20:43:26 - PHP Notice:  Undefined index: limit in D:\os\OSPanel\domains\roof\catalog\controller\extension\module\blog_featured.php on line 15
2023-05-01 20:49:53 - PHP Notice:  Undefined index: limit in D:\os\OSPanel\domains\roof\catalog\controller\extension\module\featured_article.php on line 23
2023-05-01 22:41:39 - PHP Notice:  Undefined variable: name in D:\os\OSPanel\domains\roof\catalog\view\theme\shop\template\product\product.tpl on line 97
2023-05-02 4:25:38 - PHP Warning:  Division by zero in D:\os\OSPanel\domains\roof\catalog\controller\product\product.php on line 494
2023-05-02 4:25:38 - PHP Notice:  Undefined variable: recomend in D:\os\OSPanel\domains\roof\catalog\view\theme\shop\template\product\product.tpl on line 100
2023-05-02 4:26:19 - PHP Notice:  Undefined variable: recomend in D:\os\OSPanel\domains\roof\catalog\view\theme\shop\template\product\product.tpl on line 100
2023-05-02 5:01:22 - PHP Notice:  Undefined index: limit in D:\os\OSPanel\domains\roof\catalog\controller\extension\module\blog_featured.php on line 15
2023-05-02 9:16:17 - PHP Notice:  Undefined variable: related in D:\os\OSPanel\domains\roof\catalog\view\theme\shop\template\product\product.tpl on line 247
2023-05-02 9:16:17 - PHP Warning:  Invalid argument supplied for foreach() in D:\os\OSPanel\domains\roof\catalog\view\theme\shop\template\product\product.tpl on line 247
2023-05-02 9:16:17 - PHP Notice:  Undefined variable: product in D:\os\OSPanel\domains\roof\catalog\view\theme\shop\template\product\product_card.php on line 3
2023-05-02 9:16:17 - PHP Notice:  Trying to access array offset on value of type null in D:\os\OSPanel\domains\roof\catalog\view\theme\shop\template\product\product_card.php on line 3
2023-05-02 9:16:17 - PHP Notice:  Undefined variable: product in D:\os\OSPanel\domains\roof\catalog\view\theme\shop\template\product\product_card.php on line 3
2023-05-02 9:16:17 - PHP Notice:  Trying to access array offset on value of type null in D:\os\OSPanel\domains\roof\catalog\view\theme\shop\template\product\product_card.php on line 3
2023-05-02 9:16:17 - PHP Notice:  Undefined variable: product in D:\os\OSPanel\domains\roof\catalog\view\theme\shop\template\product\product_card.php on line 3
2023-05-02 9:16:17 - PHP Notice:  Trying to access array offset on value of type null in D:\os\OSPanel\domains\roof\catalog\view\theme\shop\template\product\product_card.php on line 3
2023-05-02 9:16:17 - PHP Notice:  Undefined variable: product in D:\os\OSPanel\domains\roof\catalog\view\theme\shop\template\product\product_card.php on line 7
2023-05-02 9:16:17 - PHP Notice:  Trying to access array offset on value of type null in D:\os\OSPanel\domains\roof\catalog\view\theme\shop\template\product\product_card.php on line 7
2023-05-02 9:16:17 - PHP Notice:  Undefined variable: product in D:\os\OSPanel\domains\roof\catalog\view\theme\shop\template\product\product_card.php on line 7
2023-05-02 9:16:17 - PHP Notice:  Trying to access array offset on value of type null in D:\os\OSPanel\domains\roof\catalog\view\theme\shop\template\product\product_card.php on line 7
2023-05-02 9:16:17 - PHP Notice:  Undefined variable: product in D:\os\OSPanel\domains\roof\catalog\view\theme\shop\template\product\product_card.php on line 12
2023-05-02 9:16:17 - PHP Notice:  Trying to access array offset on value of type null in D:\os\OSPanel\domains\roof\catalog\view\theme\shop\template\product\product_card.php on line 12
2023-05-02 9:27:17 - PHP Notice:  Undefined index: limit in D:\os\OSPanel\domains\roof\catalog\controller\extension\module\blog_featured.php on line 15
2023-05-02 10:01:29 - PHP Warning:  sprintf(): Too few arguments in D:\os\OSPanel\domains\roof\catalog\controller\checkout\cart.php on line 379
2023-05-02 10:02:07 - PHP Warning:  sprintf(): Too few arguments in D:\os\OSPanel\domains\roof\catalog\controller\checkout\cart.php on line 379
